Base path: /Applications/Unity/Unity.app/Contents
Pipe name: \\.\pipe\UnityShaderCompiler-64bit-2-687468544
Cmd: getPlatforms
Cmd: compileSnippet
  api=1 type=0 insize=1482 outsize=169 kw=SOFTPARTICLES_OFF pd= ok=1
Cmd: compileSnippet
  api=1 type=1 insize=1482 outsize=147 kw=SOFTPARTICLES_OFF pd= ok=1
Cmd: compileSnippet
  api=1 type=0 insize=7031 outsize=381 kw=DIRECTIONAL LIGHTMAP_OFF DIRLIGHTMAP_OFF DYNAMICLIGHTMAP_OFF pd= ok=1
Cmd: compileSnippet
  api=1 type=1 insize=7031 outsize=528 kw=DIRECTIONAL LIGHTMAP_OFF DIRLIGHTMAP_OFF DYNAMICLIGHTMAP_OFF pd= ok=1
Cmd: compileSnippet
  api=1 type=0 insize=5152 outsize=381 kw=POINT pd= ok=1
Cmd: compileSnippet
  api=1 type=0 insize=5152 outsize=381 kw=DIRECTIONAL pd= ok=1
Cmd: compileSnippet
  api=8 type=0 insize=5152 outsize=4119 kw=DIRECTIONAL pd=UNITY_NO_SCREENSPACE_SHADOWS UNITY_NO_LINEAR_COLORSPACE ok=1
Cmd: compileSnippet
  api=1 type=0 insize=5152 outsize=381 kw=SPOT pd= ok=1
Cmd: compileSnippet
  api=8 type=0 insize=5152 outsize=4119 kw=SPOT pd=UNITY_NO_SCREENSPACE_SHADOWS UNITY_NO_LINEAR_COLORSPACE ok=1
Cmd: compileSnippet
  api=0 type=0 insize=5152 outsize=2444 kw=DIRECTIONAL_COOKIE pd= ok=1
Cmd: compileSnippet
  api=4 type=1 insize=5152 outsize=3037 kw=POINT pd= ok=1
Cmd: compileSnippet
  api=0 type=1 insize=5152 outsize=6 kw=SPOT pd= ok=1
Cmd: compileSnippet
  api=1 type=1 insize=5152 outsize=899 kw=SPOT pd= ok=1
Cmd: compileSnippet
  api=4 type=1 insize=5152 outsize=3224 kw=POINT_COOKIE pd= ok=1
Cmd: compileSnippet
  api=4 type=1 insize=5152 outsize=2761 kw=DIRECTIONAL_COOKIE pd= ok=1
Cmd: compileSnippet
  api=8 type=0 insize=8516 outsize=6370 kw=DIRECTIONAL LIGHTMAP_OFF DIRLIGHTMAP_OFF DYNAMICLIGHTMAP_OFF pd=UNITY_NO_SCREENSPACE_SHADOWS UNITY_NO_LINEAR_COLORSPACE ok=1
Cmd: compileSnippet
  api=8 type=1 insize=8516 outsize=6622 kw=DIRECTIONAL LIGHTMAP_OFF DIRLIGHTMAP_OFF DYNAMICLIGHTMAP_OFF pd=UNITY_NO_SCREENSPACE_SHADOWS UNITY_NO_LINEAR_COLORSPACE ok=1
Cmd: compileSnippet
  api=8 type=0 insize=7025 outsize=6248 kw=POINT pd=UNITY_NO_SCREENSPACE_SHADOWS UNITY_NO_LINEAR_COLORSPACE ok=1
Cmd: compileSnippet
  api=4 type=0 insize=7025 outsize=4296 kw=SPOT pd= ok=1
Cmd: compileSnippet
  api=4 type=0 insize=7025 outsize=4296 kw=POINT_COOKIE pd= ok=1
Cmd: compileSnippet
  api=1 type=0 insize=7025 outsize=825 kw=DIRECTIONAL_COOKIE pd= ok=1
Cmd: compileSnippet
  api=8 type=0 insize=7025 outsize=6248 kw=DIRECTIONAL_COOKIE pd=UNITY_NO_SCREENSPACE_SHADOWS UNITY_NO_LINEAR_COLORSPACE ok=1
Cmd: compileSnippet
  api=4 type=1 insize=7025 outsize=5019 kw=POINT pd= ok=1
Cmd: compileSnippet
  api=8 type=1 insize=7025 outsize=6524 kw=DIRECTIONAL pd=UNITY_NO_SCREENSPACE_SHADOWS UNITY_NO_LINEAR_COLORSPACE ok=1
Cmd: compileSnippet
  api=0 type=1 insize=7025 outsize=6 kw=POINT_COOKIE pd= ok=1
Cmd: compileSnippet
  api=1 type=1 insize=7025 outsize=1549 kw=POINT_COOKIE pd= ok=1
Cmd: compileSnippet
  api=0 type=1 insize=7025 outsize=6 kw=DIRECTIONAL_COOKIE pd= ok=1
Cmd: compileSnippet
  api=1 type=1 insize=7025 outsize=1425 kw=DIRECTIONAL_COOKIE pd= ok=1
Cmd: compileSnippet
  api=1 type=0 insize=4597 outsize=1014 kw= pd= ok=1
Cmd: compileSnippet
  api=1 type=0 insize=4597 outsize=1310 kw=POINT pd= ok=1
Cmd: compileSnippet
  api=8 type=0 insize=4597 outsize=7865 kw=SPOT pd=UNITY_NO_SCREENSPACE_SHADOWS UNITY_NO_LINEAR_COLORSPACE ok=1
Cmd: compileSnippet
  api=8 type=1 insize=4597 outsize=1414 kw= pd=UNITY_NO_SCREENSPACE_SHADOWS UNITY_NO_LINEAR_COLORSPACE ok=1
Cmd: compileSnippet
  api=4 type=1 insize=4597 outsize=981 kw=SPOT pd= ok=1
Cmd: compileSnippet
  api=1 type=0 insize=1807 outsize=259 kw= pd= ok=1
Cmd: compileSnippet
  api=4 type=1 insize=1807 outsize=1144 kw= pd= ok=1
Cmd: compileSnippet
  api=1 type=0 insize=2082 outsize=287 kw= pd= ok=1
Cmd: compileSnippet
  api=1 type=1 insize=2082 outsize=254 kw= pd= ok=1
Cmd: compileSnippet
  api=4 type=0 insize=541 outsize=3533 kw=SHADOWS_DEPTH pd= ok=1
Cmd: compileSnippet
  api=8 type=0 insize=541 outsize=2056 kw=SHADOWS_CUBE pd=UNITY_NO_SCREENSPACE_SHADOWS UNITY_NO_LINEAR_COLORSPACE ok=1
Cmd: compileSnippet
  api=8 type=1 insize=541 outsize=674 kw=SHADOWS_DEPTH pd=UNITY_NO_SCREENSPACE_SHADOWS UNITY_NO_LINEAR_COLORSPACE ok=1
Cmd: compileSnippet
  api=8 type=1 insize=541 outsize=1008 kw=SHADOWS_CUBE pd=UNITY_NO_SCREENSPACE_SHADOWS UNITY_NO_LINEAR_COLORSPACE ok=1
Cmd: compileSnippet
  api=4 type=0 insize=6895 outsize=3663 kw=DIRECTIONAL SHADOWS_OFF LIGHTMAP_OFF DIRLIGHTMAP_OFF DYNAMICLIGHTMAP_OFF pd= ok=1
Cmd: compileSnippet
  api=1 type=0 insize=6895 outsize=708 kw=DIRECTIONAL SHADOWS_SCREEN LIGHTMAP_OFF DIRLIGHTMAP_OFF DYNAMICLIGHTMAP_OFF pd= ok=1
Cmd: compileSnippet
  api=0 type=0 insize=6895 outsize=3536 kw=DIRECTIONAL SHADOWS_OFF LIGHTMAP_OFF DIRLIGHTMAP_OFF DYNAMICLIGHTMAP_OFF VERTEXLIGHT_ON pd= ok=1
Cmd: compileSnippet
  api=4 type=0 insize=6895 outsize=5507 kw=DIRECTIONAL SHADOWS_SCREEN LIGHTMAP_OFF DIRLIGHTMAP_OFF DYNAMICLIGHTMAP_OFF VERTEXLIGHT_ON pd= ok=1
Cmd: compileSnippet
  api=8 type=0 insize=6895 outsize=8661 kw=DIRECTIONAL SHADOWS_SCREEN SHADOWS_NATIVE LIGHTMAP_OFF DIRLIGHTMAP_OFF DYNAMICLIGHTMAP_OFF VERTEXLIGHT_ON pd=UNITY_NO_SCREENSPACE_SHADOWS UNITY_NO_LINEAR_COLORSPACE ok=1
Cmd: compileSnippet
  api=4 type=1 insize=6895 outsize=1314 kw=DIRECTIONAL SHADOWS_OFF LIGHTMAP_OFF DIRLIGHTMAP_OFF DYNAMICLIGHTMAP_OFF pd= ok=1
Cmd: compileSnippet
  api=4 type=1 insize=6895 outsize=1631 kw=DIRECTIONAL SHADOWS_SCREEN LIGHTMAP_OFF DIRLIGHTMAP_OFF DYNAMICLIGHTMAP_OFF pd= ok=1
Cmd: compileSnippet
  api=4 type=0 insize=3666 outsize=2753 kw=POINT pd= ok=1
Cmd: compileSnippet
  api=1 type=0 insize=3666 outsize=339 kw=DIRECTIONAL pd= ok=1
Cmd: compileSnippet
  api=8 type=0 insize=3666 outsize=3892 kw=DIRECTIONAL pd=UNITY_NO_SCREENSPACE_SHADOWS UNITY_NO_LINEAR_COLORSPACE ok=1
Cmd: compileSnippet
  api=4 type=0 insize=3666 outsize=2753 kw=SPOT pd= ok=1
Cmd: compileSnippet
  api=0 type=0 insize=3666 outsize=1903 kw=POINT_COOKIE pd= ok=1
Cmd: compileSnippet
  api=8 type=1 insize=3666 outsize=2876 kw=POINT pd=UNITY_NO_SCREENSPACE_SHADOWS UNITY_NO_LINEAR_COLORSPACE ok=1
Cmd: compileSnippet
  api=8 type=1 insize=3666 outsize=3575 kw=SPOT pd=UNITY_NO_SCREENSPACE_SHADOWS UNITY_NO_LINEAR_COLORSPACE ok=1
Cmd: compileSnippet
  api=8 type=1 insize=3666 outsize=2511 kw=DIRECTIONAL_COOKIE pd=UNITY_NO_SCREENSPACE_SHADOWS UNITY_NO_LINEAR_COLORSPACE ok=1
Cmd: compileSnippet
  api=8 type=0 insize=2873 outsize=3583 kw= pd=UNITY_NO_SCREENSPACE_SHADOWS UNITY_NO_LINEAR_COLORSPACE ok=1
Cmd: compileSnippet
  api=1 type=1 insize=2873 outsize=106 kw= pd= ok=1
Cmd: compileSnippet
  api=8 type=0 insize=5933 outsize=5826 kw=LIGHTMAP_OFF DIRLIGHTMAP_OFF DYNAMICLIGHTMAP_OFF HDR_LIGHT_PREPASS_OFF pd=UNITY_NO_SCREENSPACE_SHADOWS UNITY_NO_LINEAR_COLORSPACE ok=1
Cmd: compileSnippet
  api=8 type=0 insize=5933 outsize=5826 kw=LIGHTMAP_OFF DIRLIGHTMAP_OFF DYNAMICLIGHTMAP_OFF UNITY_HDR_ON pd=UNITY_NO_SCREENSPACE_SHADOWS UNITY_NO_LINEAR_COLORSPACE ok=1
Cmd: compileSnippet
  api=8 type=1 insize=5933 outsize=2039 kw=LIGHTMAP_OFF DIRLIGHTMAP_OFF DYNAMICLIGHTMAP_OFF HDR_LIGHT_PREPASS_OFF pd=UNITY_NO_SCREENSPACE_SHADOWS UNITY_NO_LINEAR_COLORSPACE ok=1
Cmd: compileSnippet
  api=8 type=1 insize=5933 outsize=1918 kw=LIGHTMAP_OFF DIRLIGHTMAP_OFF DYNAMICLIGHTMAP_OFF UNITY_HDR_ON pd=UNITY_NO_SCREENSPACE_SHADOWS UNITY_NO_LINEAR_COLORSPACE ok=1
Cmd: compileSnippet
  api=8 type=0 insize=5997 outsize=5395 kw=LIGHTMAP_OFF DIRLIGHTMAP_OFF DYNAMICLIGHTMAP_OFF HDR_LIGHT_PREPASS_OFF pd=UNITY_NO_SCREENSPACE_SHADOWS UNITY_NO_LINEAR_COLORSPACE ok=1
Cmd: compileSnippet
  api=4 type=0 insize=5997 outsize=3801 kw=LIGHTMAP_OFF DIRLIGHTMAP_OFF DYNAMICLIGHTMAP_OFF UNITY_HDR_ON pd= ok=1
Cmd: compileSnippet
  api=1 type=1 insize=5997 outsize=355 kw=LIGHTMAP_OFF DIRLIGHTMAP_OFF DYNAMICLIGHTMAP_OFF HDR_LIGHT_PREPASS_OFF pd= ok=1
Cmd: compileSnippet
  api=8 type=1 insize=5997 outsize=2234 kw=LIGHTMAP_OFF DIRLIGHTMAP_OFF DYNAMICLIGHTMAP_OFF UNITY_HDR_ON pd=UNITY_NO_SCREENSPACE_SHADOWS UNITY_NO_LINEAR_COLORSPACE ok=1
Cmd: compileSnippet
  api=0 type=0 insize=1275 outsize=2533 kw=DIRECTIONAL SHADOWS_OFF pd= ok=1
Cmd: compileSnippet
  api=4 type=0 insize=1275 outsize=1956 kw=SPOT SHADOWS_OFF pd= ok=1
Cmd: compileSnippet
  api=0 type=0 insize=1275 outsize=2785 kw=DIRECTIONAL_COOKIE SHADOWS_OFF pd= ok=1
Cmd: compileSnippet
  api=4 type=0 insize=1275 outsize=1956 kw=DIRECTIONAL SHADOWS_SCREEN pd= ok=1
Cmd: compileSnippet
  api=1 type=0 insize=1275 outsize=441 kw=DIRECTIONAL_COOKIE SHADOWS_SCREEN pd= ok=1
Cmd: compileSnippet
  api=1 type=0 insize=1275 outsize=441 kw=POINT SHADOWS_CUBE pd= ok=1
Cmd: compileSnippet
  api=0 type=0 insize=1275 outsize=3486 kw=POINT_COOKIE SHADOWS_CUBE pd= ok=1
Cmd: compileSnippet
  api=0 type=0 insize=1275 outsize=4193 kw=POINT SHADOWS_CUBE SHADOWS_SOFT pd= ok=1
Cmd: compileSnippet
  api=4 type=1 insize=1275 outsize=4516 kw=POINT SHADOWS_OFF pd= ok=1
Cmd: compileSnippet
  api=0 type=1 insize=1275 outsize=6 kw=SPOT SHADOWS_OFF pd= ok=1
Cmd: compileSnippet
  api=1 type=1 insize=1275 outsize=1599 kw=SPOT SHADOWS_OFF pd= ok=1
Cmd: compileSnippet
  api=0 type=1 insize=1275 outsize=6 kw=DIRECTIONAL_COOKIE SHADOWS_OFF pd= ok=1
Cmd: compileSnippet
  api=1 type=1 insize=1275 outsize=1402 kw=DIRECTIONAL_COOKIE SHADOWS_OFF pd= ok=1
Cmd: compileSnippet
  api=0 type=1 insize=1275 outsize=6 kw=DIRECTIONAL SHADOWS_SCREEN pd= ok=1
Cmd: compileSnippet
  api=1 type=1 insize=1275 outsize=1329 kw=DIRECTIONAL SHADOWS_SCREEN pd= ok=1
Cmd: compileSnippet
  api=0 type=1 insize=1275 outsize=6 kw=DIRECTIONAL_COOKIE SHADOWS_SCREEN pd= ok=1
Cmd: compileSnippet
  api=1 type=1 insize=1275 outsize=1451 kw=DIRECTIONAL_COOKIE SHADOWS_SCREEN pd= ok=1
Cmd: compileSnippet
  api=4 type=1 insize=1275 outsize=5515 kw=POINT_COOKIE SHADOWS_CUBE pd= ok=1
Cmd: compileSnippet
  api=4 type=1 insize=1275 outsize=5808 kw=POINT SHADOWS_CUBE SHADOWS_SOFT pd= ok=1
Cmd: compileSnippet
  api=4 type=0 insize=1268 outsize=1956 kw=POINT SHADOWS_OFF pd= ok=1
Cmd: compileSnippet
  api=1 type=0 insize=1268 outsize=441 kw=DIRECTIONAL SHADOWS_OFF pd= ok=1
Cmd: compileSnippet
  api=0 type=0 insize=1268 outsize=3054 kw=SPOT SHADOWS_OFF pd= ok=1
Cmd: compileSnippet
  api=4 type=0 insize=1268 outsize=1956 kw=DIRECTIONAL_COOKIE SHADOWS_OFF pd= ok=1
Cmd: compileSnippet
  api=1 type=0 insize=1268 outsize=441 kw=SPOT SHADOWS_DEPTH SHADOWS_NATIVE pd= ok=1
Cmd: compileSnippet
  api=0 type=0 insize=1268 outsize=2840 kw=DIRECTIONAL SHADOWS_SCREEN pd= ok=1
Cmd: compileSnippet
  api=4 type=0 insize=1268 outsize=1956 kw=DIRECTIONAL_COOKIE SHADOWS_SCREEN pd= ok=1
Cmd: compileSnippet
  api=4 type=0 insize=1268 outsize=1956 kw=POINT SHADOWS_CUBE pd= ok=1
Cmd: compileSnippet
  api=4 type=0 insize=1268 outsize=1956 kw=POINT_COOKIE SHADOWS_CUBE pd= ok=1
Cmd: compileSnippet
  api=1 type=0 insize=1268 outsize=441 kw=SPOT SHADOWS_DEPTH SHADOWS_SOFT SHADOWS_NATIVE pd= ok=1
Cmd: compileSnippet
  api=0 type=0 insize=1268 outsize=4184 kw=POINT SHADOWS_CUBE SHADOWS_SOFT pd= ok=1
Cmd: compileSnippet
  api=4 type=1 insize=1268 outsize=4467 kw=POINT SHADOWS_OFF pd= ok=1
Cmd: compileSnippet
  api=1 type=1 insize=1268 outsize=1520 kw=SPOT SHADOWS_OFF pd= ok=1
Cmd: compileSnippet
  api=0 type=1 insize=1268 outsize=6 kw=DIRECTIONAL_COOKIE SHADOWS_OFF pd= ok=1
Cmd: compileSnippet
  api=1 type=1 insize=1268 outsize=1323 kw=DIRECTIONAL_COOKIE SHADOWS_OFF pd= ok=1
Cmd: compileSnippet
  api=0 type=1 insize=1268 outsize=6 kw=DIRECTIONAL SHADOWS_SCREEN pd= ok=1
Cmd: compileSnippet
  api=1 type=1 insize=1268 outsize=1250 kw=DIRECTIONAL SHADOWS_SCREEN pd= ok=1
Cmd: compileSnippet
  api=0 type=1 insize=1268 outsize=6 kw=DIRECTIONAL_COOKIE SHADOWS_SCREEN pd= ok=1
Cmd: compileSnippet
  api=1 type=1 insize=1268 outsize=1372 kw=DIRECTIONAL_COOKIE SHADOWS_SCREEN pd= ok=1
Cmd: compileSnippet
  api=4 type=1 insize=1268 outsize=4954 kw=POINT SHADOWS_CUBE pd= ok=1
Cmd: compileSnippet
  api=4 type=1 insize=1268 outsize=6620 kw=SPOT SHADOWS_DEPTH SHADOWS_SOFT SHADOWS_NATIVE pd= ok=1
Cmd: compileSnippet
  api=4 type=1 insize=1268 outsize=6238 kw=POINT_COOKIE SHADOWS_CUBE SHADOWS_SOFT pd= ok=1
Cmd: compileSnippet
  api=4 type=0 insize=1273 outsize=1956 kw=POINT SHADOWS_OFF pd= ok=1
Cmd: compileSnippet
  api=4 type=0 insize=1273 outsize=1956 kw=DIRECTIONAL SHADOWS_OFF pd= ok=1
Cmd: compileSnippet
  api=1 type=0 insize=1273 outsize=441 kw=SPOT SHADOWS_OFF pd= ok=1
Cmd: compileSnippet
  api=4 type=0 insize=1273 outsize=1956 kw=SPOT SHADOWS_OFF pd= ok=1
Cmd: compileSnippet
  api=0 type=0 insize=1273 outsize=2781 kw=DIRECTIONAL_COOKIE SHADOWS_OFF pd= ok=1
Cmd: compileSnippet
  api=1 type=0 insize=1273 outsize=441 kw=DIRECTIONAL SHADOWS_SCREEN pd= ok=1
Cmd: compileSnippet
  api=0 type=0 insize=1273 outsize=3060 kw=DIRECTIONAL_COOKIE SHADOWS_SCREEN pd= ok=1
Cmd: compileSnippet
  api=4 type=0 insize=1273 outsize=1956 kw=POINT_COOKIE SHADOWS_CUBE pd= ok=1
Cmd: compileSnippet
  api=4 type=0 insize=1273 outsize=1956 kw=SPOT SHADOWS_DEPTH SHADOWS_SOFT SHADOWS_NATIVE pd= ok=1
Cmd: compileSnippet
  api=1 type=0 insize=1273 outsize=441 kw=POINT SHADOWS_CUBE SHADOWS_SOFT pd= ok=1
Cmd: compileSnippet
  api=0 type=0 insize=1273 outsize=4409 kw=POINT_COOKIE SHADOWS_CUBE SHADOWS_SOFT pd= ok=1
Cmd: compileSnippet
  api=4 type=1 insize=1273 outsize=4467 kw=POINT SHADOWS_OFF pd= ok=1
Cmd: compileSnippet
  api=4 type=1 insize=1273 outsize=4946 kw=POINT_COOKIE SHADOWS_OFF pd= ok=1
Cmd: compileSnippet
  api=4 type=1 insize=1273 outsize=6011 kw=SPOT SHADOWS_DEPTH SHADOWS_NATIVE pd= ok=1
Cmd: compileSnippet
  api=0 type=1 insize=1273 outsize=6 kw=POINT SHADOWS_CUBE pd= ok=1
Cmd: compileSnippet
  api=1 type=1 insize=1273 outsize=1542 kw=POINT SHADOWS_CUBE pd= ok=1
Cmd: compileSnippet
  api=4 type=1 insize=1273 outsize=5466 kw=POINT_COOKIE SHADOWS_CUBE pd= ok=1
Cmd: compileSnippet
  api=0 type=1 insize=1273 outsize=6 kw=POINT SHADOWS_CUBE SHADOWS_SOFT pd= ok=1
Cmd: compileSnippet
  api=1 type=1 insize=1273 outsize=1820 kw=POINT SHADOWS_CUBE SHADOWS_SOFT pd= ok=1
Cmd: compileSnippet
  api=1 type=0 insize=1934 outsize=441 kw=POINT SHADOWS_OFF pd= ok=1
Cmd: compileSnippet
  api=1 type=0 insize=1934 outsize=441 kw=DIRECTIONAL SHADOWS_OFF pd= ok=1
Cmd: compileSnippet
  api=0 type=0 insize=1934 outsize=4184 kw=SPOT SHADOWS_OFF pd= ok=1
Cmd: compileSnippet
  api=0 type=0 insize=1934 outsize=4844 kw=SPOT SHADOWS_DEPTH SHADOWS_NATIVE pd= ok=1
Cmd: compileSnippet
  api=4 type=0 insize=1934 outsize=1956 kw=DIRECTIONAL_COOKIE SHADOWS_SCREEN pd= ok=1
Cmd: compileSnippet
  api=1 type=0 insize=1934 outsize=441 kw=POINT SHADOWS_CUBE pd= ok=1
Cmd: compileSnippet
  api=0 type=0 insize=1934 outsize=4578 kw=POINT_COOKIE SHADOWS_CUBE pd= ok=1
Cmd: compileSnippet
  api=1 type=0 insize=1934 outsize=441 kw=POINT_COOKIE SHADOWS_CUBE SHADOWS_SOFT pd= ok=1
Cmd: compileSnippet
  api=0 type=0 insize=1934 outsize=3842 kw=POINT SHADOWS_OFF UNITY_HDR_ON pd= ok=1
Cmd: compileSnippet
  api=1 type=0 insize=1934 outsize=441 kw=SPOT SHADOWS_OFF UNITY_HDR_ON pd= ok=1
Cmd: compileSnippet
  api=0 type=0 insize=1934 outsize=4051 kw=POINT_COOKIE SHADOWS_OFF UNITY_HDR_ON pd= ok=1
Cmd: compileSnippet
  api=1 type=0 insize=1934 outsize=441 kw=SPOT SHADOWS_DEPTH SHADOWS_NATIVE UNITY_HDR_ON pd= ok=1
Cmd: compileSnippet
  api=0 type=0 insize=1934 outsize=4095 kw=DIRECTIONAL SHADOWS_SCREEN UNITY_HDR_ON pd= ok=1
Cmd: compileSnippet
  api=0 type=0 insize=1934 outsize=4569 kw=POINT_COOKIE SHADOWS_CUBE UNITY_HDR_ON pd= ok=1
Cmd: compileSnippet
  api=4 type=0 insize=1934 outsize=1956 kw=POINT SHADOWS_CUBE SHADOWS_SOFT UNITY_HDR_ON pd= ok=1
Cmd: compileSnippet
  api=1 type=0 insize=1934 outsize=441 kw=POINT_COOKIE SHADOWS_CUBE SHADOWS_SOFT UNITY_HDR_ON pd= ok=1
Cmd: compileSnippet
  api=4 type=0 insize=1934 outsize=1956 kw=POINT_COOKIE SHADOWS_CUBE SHADOWS_SOFT UNITY_HDR_ON pd= ok=1
Cmd: compileSnippet
  api=1 type=1 insize=1934 outsize=2311 kw=POINT SHADOWS_OFF pd= ok=1
Cmd: compileSnippet
  api=4 type=1 insize=1934 outsize=7319 kw=SPOT SHADOWS_OFF pd= ok=1
Cmd: compileSnippet
  api=0 type=1 insize=1934 outsize=6 kw=DIRECTIONAL_COOKIE SHADOWS_OFF pd= ok=1
Cmd: compileSnippet
  api=1 type=1 insize=1934 outsize=2305 kw=DIRECTIONAL_COOKIE SHADOWS_OFF pd= ok=1
Cmd: compileSnippet
  api=0 type=1 insize=1934 outsize=6 kw=DIRECTIONAL SHADOWS_SCREEN pd= ok=1
Cmd: compileSnippet
  api=1 type=1 insize=1934 outsize=2505 kw=DIRECTIONAL SHADOWS_SCREEN pd= ok=1
Cmd: compileSnippet
  api=4 type=1 insize=1934 outsize=7303 kw=DIRECTIONAL_COOKIE SHADOWS_SCREEN pd= ok=1
Cmd: compileSnippet
  api=0 type=1 insize=1934 outsize=6 kw=SPOT SHADOWS_DEPTH SHADOWS_SOFT SHADOWS_NATIVE pd= ok=1
Cmd: compileSnippet
  api=4 type=1 insize=1934 outsize=9147 kw=SPOT SHADOWS_DEPTH SHADOWS_SOFT SHADOWS_NATIVE pd= ok=1
Cmd: compileSnippet
  api=0 type=1 insize=1934 outsize=6 kw=POINT SHADOWS_OFF UNITY_HDR_ON pd= ok=1
Cmd: compileSnippet
  api=1 type=1 insize=1934 outsize=2249 kw=POINT SHADOWS_OFF UNITY_HDR_ON pd= ok=1
Cmd: compileSnippet
  api=0 type=1 insize=1934 outsize=6 kw=SPOT SHADOWS_OFF UNITY_HDR_ON pd= ok=1
Cmd: compileSnippet
  api=1 type=1 insize=1934 outsize=2442 kw=SPOT SHADOWS_OFF UNITY_HDR_ON pd= ok=1
Cmd: compileSnippet
  api=4 type=1 insize=1934 outsize=6555 kw=DIRECTIONAL_COOKIE SHADOWS_OFF UNITY_HDR_ON pd= ok=1
Cmd: compileSnippet
  api=4 type=1 insize=1934 outsize=6799 kw=DIRECTIONAL SHADOWS_SCREEN UNITY_HDR_ON pd= ok=1
Cmd: compileSnippet
  api=4 type=1 insize=1934 outsize=7254 kw=DIRECTIONAL_COOKIE SHADOWS_SCREEN UNITY_HDR_ON pd= ok=1
Cmd: compileSnippet
  api=4 type=1 insize=1934 outsize=7587 kw=POINT_COOKIE SHADOWS_CUBE UNITY_HDR_ON pd= ok=1
Cmd: compileSnippet
  api=0 type=1 insize=1934 outsize=6 kw=POINT SHADOWS_CUBE SHADOWS_SOFT UNITY_HDR_ON pd= ok=1
Cmd: compileSnippet
  api=1 type=1 insize=1934 outsize=2703 kw=POINT SHADOWS_CUBE SHADOWS_SOFT UNITY_HDR_ON pd= ok=1
Cmd: compileSnippet
  api=4 type=1 insize=1934 outsize=8318 kw=POINT_COOKIE SHADOWS_CUBE SHADOWS_SOFT UNITY_HDR_ON pd= ok=1
Cmd: compileSnippet
  api=1 type=1 insize=683 outsize=142 kw= pd= ok=1
Cmd: compileSnippet
  api=4 type=0 insize=3264 outsize=1956 kw= pd= ok=1
Cmd: compileSnippet
  api=4 type=1 insize=3264 outsize=6011 kw= pd= ok=1
Cmd: compileSnippet
  api=4 type=0 insize=823 outsize=1209 kw= pd= ok=1
Cmd: compileSnippet
  api=4 type=0 insize=823 outsize=1209 kw=UNITY_HDR_ON pd= ok=1
Cmd: compileSnippet
  api=0 type=1 insize=823 outsize=6 kw=UNITY_HDR_ON pd= ok=1
Cmd: compileSnippet
  api=4 type=1 insize=823 outsize=616 kw=UNITY_HDR_ON pd= ok=1
Cmd: compileSnippet
  api=8 type=0 insize=1420 outsize=1934 kw= pd=UNITY_NO_SCREENSPACE_SHADOWS UNITY_NO_LINEAR_COLORSPACE ok=1
Cmd: compileSnippet
  api=4 type=1 insize=1420 outsize=1704 kw= pd= ok=1
Cmd: compileSnippet
  api=1 type=0 insize=6638 outsize=151 kw= pd= ok=1
Cmd: compileSnippet
  api=4 type=1 insize=6638 outsize=26876 kw= pd= ok=1
Cmd: compileSnippet
  api=8 type=0 insize=6638 outsize=1519 kw= pd=UNITY_NO_SCREENSPACE_SHADOWS UNITY_NO_LINEAR_COLORSPACE ok=1
Cmd: compileSnippet
  api=8 type=1 insize=6638 outsize=983 kw= pd=UNITY_NO_SCREENSPACE_SHADOWS UNITY_NO_LINEAR_COLORSPACE ok=1
Cmd: compileSnippet
  api=4 type=0 insize=701 outsize=1071 kw= pd= ok=1
Cmd: compileSnippet
  api=1 type=0 insize=701 outsize=128 kw= pd= ok=1
Cmd: compileSnippet
  api=1 type=1 insize=701 outsize=100 kw= pd= ok=1
Cmd: compileSnippet
  api=1 type=1 insize=1032 outsize=346 kw= pd= ok=1
Cmd: compileSnippet
  api=4 type=0 insize=1032 outsize=1006 kw= pd= ok=1
Cmd: compileSnippet
  api=4 type=1 insize=1032 outsize=1526 kw= pd= ok=1
